[2015-01-05 17:22:09] request.INFO: Matched route "manu_question_search" (parameters: "_controller": "Manu\TfeBundle\Controller\QuestionController::searchAction", "_route": "manu_question_search") [] []
[2015-01-05 17:22:10] security.DEBUG: Read SecurityContext from the session [] []
[2015-01-05 17:22:10] security.DEBUG: Reloading user from user provider. [] []
[2015-01-05 17:22:10] security.DEBUG: Username "user" was reloaded from user provider. [] []
[2015-01-05 17:22:10] request.CRITICAL: Uncaught PHP Exception Doctrine\DBAL\DBALException: "An exception occurred while executing 'SELECT t0.id AS id1, t0.nom AS nom2, t0.custom AS custom3 FROM categorie t0':  SQLSTATE[42S22]: Column not found: 1054 Unknown column 't0.custom' in 'field list'" at C:\wamp\www\vendor\doctrine\dbal\lib\Doctrine\DBAL\DBALException.php line 91 {"exception":"[object] (Doctrine\\DBAL\\DBALException: An exception occurred while executing 'SELECT t0.id AS id1, t0.nom AS nom2, t0.custom AS custom3 FROM categorie t0':\n\nSQLSTATE[42S22]: Column not found: 1054 Unknown column 't0.custom' in 'field list' at C:\\wamp\\www\\vendor\\doctrine\\dbal\\lib\\Doctrine\\DBAL\\DBALException.php:91, PDOException: SQLSTATE[42S22]: Column not found: 1054 Unknown column 't0.custom' in 'field list' at C:\\wamp\\www\\vendor\\doctrine\\dbal\\lib\\Doctrine\\DBAL\\Connection.php:699)"} []
[2015-01-05 17:22:10] security.DEBUG: Write SecurityContext in the session [] []
[2015-01-05 17:22:20] request.INFO: Matched route "manu_question_search" (parameters: "_controller": "Manu\TfeBundle\Controller\QuestionController::searchAction", "_route": "manu_question_search") [] []
[2015-01-05 17:22:20] security.DEBUG: Read SecurityContext from the session [] []
[2015-01-05 17:22:20] security.DEBUG: Reloading user from user provider. [] []
[2015-01-05 17:22:20] security.DEBUG: Username "user" was reloaded from user provider. [] []
[2015-01-05 17:22:21] request.CRITICAL: Uncaught PHP Exception Doctrine\DBAL\DBALException: "An exception occurred while executing 'SELECT t0.id AS id1, t0.nom AS nom2, t0.custom AS custom3 FROM categorie t0':  SQLSTATE[42S22]: Column not found: 1054 Unknown column 't0.custom' in 'field list'" at C:\wamp\www\vendor\doctrine\dbal\lib\Doctrine\DBAL\DBALException.php line 91 {"exception":"[object] (Doctrine\\DBAL\\DBALException: An exception occurred while executing 'SELECT t0.id AS id1, t0.nom AS nom2, t0.custom AS custom3 FROM categorie t0':\n\nSQLSTATE[42S22]: Column not found: 1054 Unknown column 't0.custom' in 'field list' at C:\\wamp\\www\\vendor\\doctrine\\dbal\\lib\\Doctrine\\DBAL\\DBALException.php:91, PDOException: SQLSTATE[42S22]: Column not found: 1054 Unknown column 't0.custom' in 'field list' at C:\\wamp\\www\\vendor\\doctrine\\dbal\\lib\\Doctrine\\DBAL\\Connection.php:699)"} []
[2015-01-05 17:22:21] security.DEBUG: Write SecurityContext in the session [] []
[2015-01-05 17:30:26] request.INFO: Matched route "manu_question_search" (parameters: "_controller": "Manu\TfeBundle\Controller\QuestionController::searchAction", "_route": "manu_question_search") [] []
[2015-01-05 17:30:26] security.DEBUG: Read SecurityContext from the session [] []
[2015-01-05 17:30:26] security.DEBUG: Reloading user from user provider. [] []
[2015-01-05 17:30:26] security.DEBUG: Username "emmanuel.bernimont" was reloaded from user provider. [] []
[2015-01-05 17:30:26] request.CRITICAL: Uncaught PHP Exception Doctrine\DBAL\DBALException: "An exception occurred while executing 'SELECT t0.id AS id1, t0.nom AS nom2, t0.custom AS custom3 FROM categorie t0':  SQLSTATE[42S22]: Column not found: 1054 Unknown column 't0.custom' in 'field list'" at C:\wamp\www\vendor\doctrine\dbal\lib\Doctrine\DBAL\DBALException.php line 91 {"exception":"[object] (Doctrine\\DBAL\\DBALException: An exception occurred while executing 'SELECT t0.id AS id1, t0.nom AS nom2, t0.custom AS custom3 FROM categorie t0':\n\nSQLSTATE[42S22]: Column not found: 1054 Unknown column 't0.custom' in 'field list' at C:\\wamp\\www\\vendor\\doctrine\\dbal\\lib\\Doctrine\\DBAL\\DBALException.php:91, PDOException: SQLSTATE[42S22]: Column not found: 1054 Unknown column 't0.custom' in 'field list' at C:\\wamp\\www\\vendor\\doctrine\\dbal\\lib\\Doctrine\\DBAL\\Connection.php:699)"} []
[2015-01-05 17:30:26] security.DEBUG: Write SecurityContext in the session [] []
[2015-01-05 17:30:36] request.INFO: Matched route "manu_question_search" (parameters: "_controller": "Manu\TfeBundle\Controller\QuestionController::searchAction", "_route": "manu_question_search") [] []
[2015-01-05 17:30:36] security.DEBUG: Read SecurityContext from the session [] []
[2015-01-05 17:30:36] security.DEBUG: Reloading user from user provider. [] []
[2015-01-05 17:30:36] security.DEBUG: Username "emmanuel.bernimont" was reloaded from user provider. [] []
[2015-01-05 17:30:36] request.CRITICAL: Uncaught PHP Exception Doctrine\DBAL\DBALException: "An exception occurred while executing 'SELECT t0.id AS id1, t0.nom AS nom2, t0.custom AS custom3 FROM categorie t0':  SQLSTATE[42S22]: Column not found: 1054 Unknown column 't0.custom' in 'field list'" at C:\wamp\www\vendor\doctrine\dbal\lib\Doctrine\DBAL\DBALException.php line 91 {"exception":"[object] (Doctrine\\DBAL\\DBALException: An exception occurred while executing 'SELECT t0.id AS id1, t0.nom AS nom2, t0.custom AS custom3 FROM categorie t0':\n\nSQLSTATE[42S22]: Column not found: 1054 Unknown column 't0.custom' in 'field list' at C:\\wamp\\www\\vendor\\doctrine\\dbal\\lib\\Doctrine\\DBAL\\DBALException.php:91, PDOException: SQLSTATE[42S22]: Column not found: 1054 Unknown column 't0.custom' in 'field list' at C:\\wamp\\www\\vendor\\doctrine\\dbal\\lib\\Doctrine\\DBAL\\Connection.php:699)"} []
[2015-01-05 17:30:36] security.DEBUG: Write SecurityContext in the session [] []
[2015-01-05 17:43:48] request.INFO: Matched route "manu_question_show" (parameters: "_controller": "Manu\TfeBundle\Controller\QuestionController::showAction", "id": "31", "_route": "manu_question_show") [] []
[2015-01-05 17:43:48] security.DEBUG: Read SecurityContext from the session [] []
[2015-01-05 17:43:48] security.DEBUG: Reloading user from user provider. [] []
[2015-01-05 17:43:48] security.DEBUG: Username "admin" was reloaded from user provider. [] []
[2015-01-05 17:43:48] security.DEBUG: Access is denied (and user is neither anonymous, nor remember-me) by "C:\wamp\www\vendor\symfony\symfony\src\Symfony\Component\Security\Http\Firewall\AccessListener.php" at line 70 [] []
[2015-01-05 17:43:48] request.ERROR: Uncaught PHP Exception Symfony\Component\HttpKernel\Exception\AccessDeniedHttpException: "Access Denied" at C:\wamp\www\vendor\symfony\symfony\src\Symfony\Component\Security\Http\Firewall\ExceptionListener.php line 110 {"exception":"[object] (Symfony\\Component\\HttpKernel\\Exception\\AccessDeniedHttpException: Access Denied at C:\\wamp\\www\\vendor\\symfony\\symfony\\src\\Symfony\\Component\\Security\\Http\\Firewall\\ExceptionListener.php:110, Symfony\\Component\\Security\\Core\\Exception\\AccessDeniedException: Access Denied at C:\\wamp\\www\\vendor\\symfony\\symfony\\src\\Symfony\\Component\\Security\\Http\\Firewall\\AccessListener.php:70)"} []
[2015-01-05 17:43:48] security.DEBUG: Write SecurityContext in the session [] []
[2015-01-05 17:43:59] request.INFO: Matched route "manu_question_show" (parameters: "_controller": "Manu\TfeBundle\Controller\QuestionController::showAction", "id": "30", "_route": "manu_question_show") [] []
[2015-01-05 17:43:59] security.DEBUG: Read SecurityContext from the session [] []
[2015-01-05 17:43:59] security.DEBUG: Reloading user from user provider. [] []
[2015-01-05 17:43:59] security.DEBUG: Username "admin" was reloaded from user provider. [] []
[2015-01-05 17:43:59] security.DEBUG: Access is denied (and user is neither anonymous, nor remember-me) by "C:\wamp\www\vendor\symfony\symfony\src\Symfony\Component\Security\Http\Firewall\AccessListener.php" at line 70 [] []
[2015-01-05 17:43:59] request.ERROR: Uncaught PHP Exception Symfony\Component\HttpKernel\Exception\AccessDeniedHttpException: "Access Denied" at C:\wamp\www\vendor\symfony\symfony\src\Symfony\Component\Security\Http\Firewall\ExceptionListener.php line 110 {"exception":"[object] (Symfony\\Component\\HttpKernel\\Exception\\AccessDeniedHttpException: Access Denied at C:\\wamp\\www\\vendor\\symfony\\symfony\\src\\Symfony\\Component\\Security\\Http\\Firewall\\ExceptionListener.php:110, Symfony\\Component\\Security\\Core\\Exception\\AccessDeniedException: Access Denied at C:\\wamp\\www\\vendor\\symfony\\symfony\\src\\Symfony\\Component\\Security\\Http\\Firewall\\AccessListener.php:70)"} []
[2015-01-05 17:43:59] security.DEBUG: Write SecurityContext in the session [] []
